0 info it worked if it ends with ok
1 verbose cli [ '/Users/labmedia/.nvm/versions/node/v6.5.0/bin/node',
1 verbose cli   '/Users/labmedia/.nvm/versions/node/v6.5.0/bin/npm',
1 verbose cli   'run',
1 verbose cli   'dev',
1 verbose cli   '--verbose' ]
2 info using npm@3.10.3
3 info using node@v6.5.0
4 verbose run-script [ 'predev', 'dev', 'postdev' ]
5 info lifecycle displayer-2@1.0.0~predev: displayer-2@1.0.0
6 silly lifecycle displayer-2@1.0.0~predev: no script for predev, continuing
7 info lifecycle displayer-2@1.0.0~dev: displayer-2@1.0.0
8 verbose lifecycle displayer-2@1.0.0~dev: unsafe-perm in lifecycle true
9 verbose lifecycle displayer-2@1.0.0~dev: PATH: /Users/labmedia/.nvm/versions/node/v6.5.0/lib/node_modules/npm/bin/node-gyp-bin:/Users/labmedia/Google Drive/2 - Penelitian/PDP-2016/prototype/displayer-2/node_modules/.bin:/Users/labmedia/.nvm/versions/node/v6.5.0/bin:/Users/labmedia/.nvm/versions/node/v6.5.0/bin:/usr/local/bin:/usr/bin:/bin:/usr/sbin:/sbin:/Library/Frameworks/Mono.framework/Versions/Current/Commands:/Library/TeX/texbin
10 verbose lifecycle displayer-2@1.0.0~dev: CWD: /Users/labmedia/Google Drive/2 - Penelitian/PDP-2016/prototype/displayer-2
11 silly lifecycle displayer-2@1.0.0~dev: Args: [ '-c', 'budo app/app.js:dist/bundle.js --open --live' ]
12 silly lifecycle displayer-2@1.0.0~dev: Returned: code: 1  signal: null
13 info lifecycle displayer-2@1.0.0~dev: Failed to exec dev script
14 verbose stack Error: displayer-2@1.0.0 dev: `budo app/app.js:dist/bundle.js --open --live`
14 verbose stack Exit status 1
14 verbose stack     at EventEmitter.<anonymous> (/Users/labmedia/.nvm/versions/node/v6.5.0/lib/node_modules/npm/lib/utils/lifecycle.js:242:16)
14 verbose stack     at emitTwo (events.js:106:13)
14 verbose stack     at EventEmitter.emit (events.js:191:7)
14 verbose stack     at ChildProcess.<anonymous> (/Users/labmedia/.nvm/versions/node/v6.5.0/lib/node_modules/npm/lib/utils/spawn.js:40:14)
14 verbose stack     at emitTwo (events.js:106:13)
14 verbose stack     at ChildProcess.emit (events.js:191:7)
14 verbose stack     at maybeClose (internal/child_process.js:877:16)
14 verbose stack     at Process.ChildProcess._handle.onexit (internal/child_process.js:226:5)
15 verbose pkgid displayer-2@1.0.0
16 verbose cwd /Users/labmedia/Google Drive/2 - Penelitian/PDP-2016/prototype/displayer-2
17 error Darwin 16.4.0
18 error argv "/Users/labmedia/.nvm/versions/node/v6.5.0/bin/node" "/Users/labmedia/.nvm/versions/node/v6.5.0/bin/npm" "run" "dev" "--verbose"
19 error node v6.5.0
20 error npm  v3.10.3
21 error code ELIFECYCLE
22 error displayer-2@1.0.0 dev: `budo app/app.js:dist/bundle.js --open --live`
22 error Exit status 1
23 error Failed at the displayer-2@1.0.0 dev script 'budo app/app.js:dist/bundle.js --open --live'.
23 error Make sure you have the latest version of node.js and npm installed.
23 error If you do, this is most likely a problem with the displayer-2 package,
23 error not with npm itself.
23 error Tell the author that this fails on your system:
23 error     budo app/app.js:dist/bundle.js --open --live
23 error You can get information on how to open an issue for this project with:
23 error     npm bugs displayer-2
23 error Or if that isn't available, you can get their info via:
23 error     npm owner ls displayer-2
23 error There is likely additional logging output above.
24 verbose exit [ 1, true ]
